--------------------------------------------------------------------------------
Release 14.7 Trace  (nt64)
Copyright (c) 1995-2013 Xilinx, Inc.  All rights reserved.

C:\Xilinx\14.7\ISE_DS\ISE\bin\nt64\unwrapped\trce.exe -intstyle ise -v 3 -s 1
-n 3 -fastpaths -xml MUX_4X1.twx MUX_4X1.ncd -o MUX_4X1.twr MUX_4X1.pcf -ucf
MUX_4X1.ucf

Design file:              MUX_4X1.ncd
Physical constraint file: MUX_4X1.pcf
Device,package,speed:     xc7a100t,csg324,C,-1 (PRODUCTION 1.10 2013-10-13)
Report level:             verbose report

Environment Variable      Effect 
--------------------      ------ 
NONE                      No environment variables were set
--------------------------------------------------------------------------------

INFO:Timing:2698 - No timing constraints found, doing default enumeration.
INFO:Timing:3412 - To improve timing, see the Timing Closure User Guide (UG612).
INFO:Timing:2752 - To get complete path coverage, use the unconstrained paths 
   option. All paths that are not constrained will be reported in the 
   unconstrained paths section(s) of the report.
INFO:Timing:3339 - The clock-to-out numbers in this timing report are based on 
   a 50 Ohm transmission line loading model.  For the details of this model, 
   and for more information on accounting for different loading conditions, 
   please see the device datasheet.



Data Sheet report:
-----------------
All values displayed in nanoseconds (ns)

Pad to Pad
---------------+---------------+---------+
Source Pad     |Destination Pad|  Delay  |
---------------+---------------+---------+
MUX_IN_A<0>    |MUX_OUT_Q      |    8.452|
MUX_IN_A<1>    |MUX_OUT_Q      |    9.381|
MUX_IN_A<2>    |MUX_OUT_Q      |    9.113|
MUX_IN_A<3>    |MUX_OUT_Q      |    8.797|
MUX_SEL<0>     |MUX_OUT_Q      |    9.356|
MUX_SEL<1>     |MUX_OUT_Q      |    8.605|
---------------+---------------+---------+


Analysis completed Tue Oct 22 01:45:29 2019 
--------------------------------------------------------------------------------

Trace Settings:
-------------------------
Trace Settings 

Peak Memory Usage: 5002 MB



